mode: set
github.com/Azure/aks-app-routing-operator/pkg/config/config.go:25.13,42.2 16 1
github.com/Azure/aks-app-routing-operator/pkg/config/config.go:65.35,66.16 1 1
github.com/Azure/aks-app-routing-operator/pkg/config/config.go:66.16,68.3 1 1
github.com/Azure/aks-app-routing-operator/pkg/config/config.go:69.2,69.22 1 1
github.com/Azure/aks-app-routing-operator/pkg/config/config.go:69.22,71.3 1 1
github.com/Azure/aks-app-routing-operator/pkg/config/config.go:72.2,72.25 1 1
github.com/Azure/aks-app-routing-operator/pkg/config/config.go:72.25,74.3 1 1
github.com/Azure/aks-app-routing-operator/pkg/config/config.go:75.2,75.22 1 1
github.com/Azure/aks-app-routing-operator/pkg/config/config.go:75.22,77.3 1 1
github.com/Azure/aks-app-routing-operator/pkg/config/config.go:78.2,78.19 1 1
github.com/Azure/aks-app-routing-operator/pkg/config/config.go:78.19,80.3 1 1
github.com/Azure/aks-app-routing-operator/pkg/config/config.go:81.2,81.22 1 1
github.com/Azure/aks-app-routing-operator/pkg/config/config.go:81.22,83.3 1 1
github.com/Azure/aks-app-routing-operator/pkg/config/config.go:84.2,84.39 1 1
github.com/Azure/aks-app-routing-operator/pkg/config/config.go:84.39,86.3 1 1
github.com/Azure/aks-app-routing-operator/pkg/config/config.go:87.2,87.36 1 1
github.com/Azure/aks-app-routing-operator/pkg/config/config.go:87.36,89.3 1 1
github.com/Azure/aks-app-routing-operator/pkg/config/config.go:91.2,91.24 1 1
github.com/Azure/aks-app-routing-operator/pkg/config/config.go:91.24,93.3 1 1
github.com/Azure/aks-app-routing-operator/pkg/config/config.go:95.2,95.26 1 1
github.com/Azure/aks-app-routing-operator/pkg/config/config.go:95.26,96.67 1 0
github.com/Azure/aks-app-routing-operator/pkg/config/config.go:96.67,98.4 1 0
github.com/Azure/aks-app-routing-operator/pkg/config/config.go:101.2,101.12 1 1
github.com/Azure/aks-app-routing-operator/pkg/config/config.go:104.68,110.36 4 1
github.com/Azure/aks-app-routing-operator/pkg/config/config.go:110.36,112.17 2 1
github.com/Azure/aks-app-routing-operator/pkg/config/config.go:112.17,114.4 1 0
github.com/Azure/aks-app-routing-operator/pkg/config/config.go:116.3,116.67 1 1
github.com/Azure/aks-app-routing-operator/pkg/config/config.go:116.67,118.4 1 1
github.com/Azure/aks-app-routing-operator/pkg/config/config.go:120.3,120.51 1 1
github.com/Azure/aks-app-routing-operator/pkg/config/config.go:121.24,123.124 1 1
github.com/Azure/aks-app-routing-operator/pkg/config/config.go:123.124,125.5 1 1
github.com/Azure/aks-app-routing-operator/pkg/config/config.go:127.4,129.77 3 1
github.com/Azure/aks-app-routing-operator/pkg/config/config.go:130.23,132.122 1 1
github.com/Azure/aks-app-routing-operator/pkg/config/config.go:132.122,134.5 1 1
github.com/Azure/aks-app-routing-operator/pkg/config/config.go:136.4,138.75 3 1
github.com/Azure/aks-app-routing-operator/pkg/config/config.go:139.11,140.130 1 1
github.com/Azure/aks-app-routing-operator/pkg/config/config.go:144.2,144.12 1 1
github.com/Azure/aks-app-routing-operator/pkg/config/config.go:147.92,148.69 1 1
github.com/Azure/aks-app-routing-operator/pkg/config/config.go:148.69,150.3 1 1
github.com/Azure/aks-app-routing-operator/pkg/config/config.go:152.2,152.70 1 1
github.com/Azure/aks-app-routing-operator/pkg/config/config.go:152.70,154.3 1 1
github.com/Azure/aks-app-routing-operator/pkg/config/config.go:156.2,156.12 1 1
github.com/Azure/aks-app-routing-operator/pkg/controller/controller.go:37.13,44.2 3 1
github.com/Azure/aks-app-routing-operator/pkg/controller/controller.go:46.46,52.2 2 1
github.com/Azure/aks-app-routing-operator/pkg/controller/controller.go:54.41,59.2 4 1
github.com/Azure/aks-app-routing-operator/pkg/controller/controller.go:61.60,63.40 2 0
github.com/Azure/aks-app-routing-operator/pkg/controller/controller.go:63.40,65.3 1 0
github.com/Azure/aks-app-routing-operator/pkg/controller/controller.go:66.2,66.42 1 0
github.com/Azure/aks-app-routing-operator/pkg/controller/controller.go:69.90,80.16 2 0
github.com/Azure/aks-app-routing-operator/pkg/controller/controller.go:80.16,82.3 1 0
github.com/Azure/aks-app-routing-operator/pkg/controller/controller.go:84.2,84.62 1 0
github.com/Azure/aks-app-routing-operator/pkg/controller/controller.go:84.62,84.76 1 0
github.com/Azure/aks-app-routing-operator/pkg/controller/controller.go:86.2,87.16 2 0
github.com/Azure/aks-app-routing-operator/pkg/controller/controller.go:87.16,89.3 1 0
github.com/Azure/aks-app-routing-operator/pkg/controller/controller.go:91.2,93.16 3 0
github.com/Azure/aks-app-routing-operator/pkg/controller/controller.go:93.16,95.3 1 0
github.com/Azure/aks-app-routing-operator/pkg/controller/controller.go:96.2,98.60 2 0
github.com/Azure/aks-app-routing-operator/pkg/controller/controller.go:98.60,100.3 1 0
github.com/Azure/aks-app-routing-operator/pkg/controller/controller.go:102.2,103.16 2 0
github.com/Azure/aks-app-routing-operator/pkg/controller/controller.go:103.16,105.3 1 0
github.com/Azure/aks-app-routing-operator/pkg/controller/controller.go:107.2,108.43 2 0
github.com/Azure/aks-app-routing-operator/pkg/controller/controller.go:108.43,113.3 1 0
github.com/Azure/aks-app-routing-operator/pkg/controller/controller.go:114.2,114.81 1 0
github.com/Azure/aks-app-routing-operator/pkg/controller/controller.go:114.81,116.3 1 0
github.com/Azure/aks-app-routing-operator/pkg/controller/controller.go:118.2,119.43 2 0
github.com/Azure/aks-app-routing-operator/pkg/controller/controller.go:119.43,121.3 1 0
github.com/Azure/aks-app-routing-operator/pkg/controller/controller.go:122.2,123.33 2 0
github.com/Azure/aks-app-routing-operator/pkg/controller/controller.go:123.33,125.3 1 0
github.com/Azure/aks-app-routing-operator/pkg/controller/controller.go:127.2,128.98 2 0
github.com/Azure/aks-app-routing-operator/pkg/controller/controller.go:128.98,130.3 1 0
github.com/Azure/aks-app-routing-operator/pkg/controller/controller.go:131.2,131.86 1 0
github.com/Azure/aks-app-routing-operator/pkg/controller/controller.go:131.86,133.3 1 0
github.com/Azure/aks-app-routing-operator/pkg/controller/controller.go:134.2,134.56 1 0
github.com/Azure/aks-app-routing-operator/pkg/controller/controller.go:134.56,136.3 1 0
github.com/Azure/aks-app-routing-operator/pkg/controller/controller.go:138.2,139.89 2 0
github.com/Azure/aks-app-routing-operator/pkg/controller/controller.go:139.89,141.3 1 0
github.com/Azure/aks-app-routing-operator/pkg/controller/controller.go:142.2,142.67 1 0
github.com/Azure/aks-app-routing-operator/pkg/controller/controller.go:142.67,144.3 1 0
github.com/Azure/aks-app-routing-operator/pkg/controller/controller.go:146.2,146.15 1 0
github.com/Azure/aks-app-routing-operator/pkg/controller/controller.go:149.112,151.28 2 1
github.com/Azure/aks-app-routing-operator/pkg/controller/controller.go:151.28,155.3 2 1
github.com/Azure/aks-app-routing-operator/pkg/controller/controller.go:156.2,156.16 1 1
github.com/Azure/aks-app-routing-operator/pkg/controller/controller.go:156.16,158.3 1 0
github.com/Azure/aks-app-routing-operator/pkg/controller/controller.go:159.2,159.20 1 1
github.com/Azure/aks-app-routing-operator/pkg/controller/dns/external_dns.go:22.86,24.2 1 0
github.com/Azure/aks-app-routing-operator/pkg/controller/dns/external_dns.go:26.73,28.27 2 0
github.com/Azure/aks-app-routing-operator/pkg/controller/dns/external_dns.go:28.27,30.3 1 0
github.com/Azure/aks-app-routing-operator/pkg/controller/dns/external_dns.go:31.2,31.47 1 0
github.com/Azure/aks-app-routing-operator/pkg/controller/dns/external_dns.go:31.47,34.3 2 0
github.com/Azure/aks-app-routing-operator/pkg/controller/dns/external_dns.go:36.2,46.68 2 0
github.com/Azure/aks-app-routing-operator/pkg/controller/dns/external_dns.go:50.95,55.69 4 0
github.com/Azure/aks-app-routing-operator/pkg/controller/dns/external_dns.go:55.69,57.3 1 0
github.com/Azure/aks-app-routing-operator/pkg/controller/dns/external_dns.go:59.2,60.61 2 0
github.com/Azure/aks-app-routing-operator/pkg/controller/dns/external_dns.go:60.61,62.3 1 0
github.com/Azure/aks-app-routing-operator/pkg/controller/dns/external_dns.go:64.2,64.12 1 0
github.com/Azure/aks-app-routing-operator/pkg/controller/dns/external_dns.go:67.73,90.2 7 1
github.com/Azure/aks-app-routing-operator/pkg/controller/dns/external_dns.go:92.69,100.2 1 1
github.com/Azure/aks-app-routing-operator/pkg/controller/dns/external_dns.go:102.70,110.2 1 1
github.com/Azure/aks-app-routing-operator/pkg/controller/dns/external_dns.go:112.67,114.30 2 1
github.com/Azure/aks-app-routing-operator/pkg/controller/dns/external_dns.go:114.30,115.25 1 1
github.com/Azure/aks-app-routing-operator/pkg/controller/dns/external_dns.go:115.25,117.4 1 1
github.com/Azure/aks-app-routing-operator/pkg/controller/dns/external_dns.go:120.2,120.12 1 1
github.com/Azure/aks-app-routing-operator/pkg/controller/dns/external_dns.go:123.57,125.30 2 1
github.com/Azure/aks-app-routing-operator/pkg/controller/dns/external_dns.go:125.30,127.3 1 1
github.com/Azure/aks-app-routing-operator/pkg/controller/dns/external_dns.go:128.2,128.12 1 1
github.com/Azure/aks-app-routing-operator/pkg/controller/dns/external_dns.go:131.57,133.45 2 1
github.com/Azure/aks-app-routing-operator/pkg/controller/dns/external_dns.go:133.45,135.3 1 1
github.com/Azure/aks-app-routing-operator/pkg/controller/dns/external_dns.go:137.2,137.30 1 1
github.com/Azure/aks-app-routing-operator/pkg/controller/dns/external_dns.go:137.30,138.48 1 1
github.com/Azure/aks-app-routing-operator/pkg/controller/dns/external_dns.go:138.48,140.4 1 1
github.com/Azure/aks-app-routing-operator/pkg/controller/dns/external_dns.go:143.2,143.10 1 1
github.com/Azure/aks-app-routing-operator/pkg/controller/dns/external_dns.go:146.49,148.37 2 1
github.com/Azure/aks-app-routing-operator/pkg/controller/dns/external_dns.go:148.37,149.31 1 1
github.com/Azure/aks-app-routing-operator/pkg/controller/dns/external_dns.go:149.31,155.4 2 1
github.com/Azure/aks-app-routing-operator/pkg/controller/dns/external_dns.go:158.2,158.18 1 1
github.com/Azure/aks-app-routing-operator/pkg/controller/dns/external_dns.go:161.65,162.39 1 1
github.com/Azure/aks-app-routing-operator/pkg/controller/dns/external_dns.go:162.39,164.3 1 1
github.com/Azure/aks-app-routing-operator/pkg/controller/dns/external_dns.go:166.2,166.15 1 1
github.com/Azure/aks-app-routing-operator/pkg/controller/common/clean_type.go:33.101,36.16 2 1
github.com/Azure/aks-app-routing-operator/pkg/controller/common/clean_type.go:36.16,38.3 1 1
github.com/Azure/aks-app-routing-operator/pkg/controller/common/clean_type.go:40.2,41.35 2 1
github.com/Azure/aks-app-routing-operator/pkg/controller/common/clean_type.go:41.35,43.3 1 1
github.com/Azure/aks-app-routing-operator/pkg/controller/common/clean_type.go:45.2,45.18 1 1
github.com/Azure/aks-app-routing-operator/pkg/controller/common/clean_type.go:48.90,50.27 2 1
github.com/Azure/aks-app-routing-operator/pkg/controller/common/clean_type.go:50.27,55.3 1 1
github.com/Azure/aks-app-routing-operator/pkg/controller/common/clean_type.go:56.2,56.12 1 1
github.com/Azure/aks-app-routing-operator/pkg/controller/common/clean_type.go:60.91,61.59 1 1
github.com/Azure/aks-app-routing-operator/pkg/controller/common/clean_type.go:61.59,63.28 2 1
github.com/Azure/aks-app-routing-operator/pkg/controller/common/clean_type.go:63.28,65.18 2 1
github.com/Azure/aks-app-routing-operator/pkg/controller/common/clean_type.go:65.18,67.5 1 0
github.com/Azure/aks-app-routing-operator/pkg/controller/common/clean_type.go:69.4,69.30 1 1
github.com/Azure/aks-app-routing-operator/pkg/controller/common/clean_type.go:72.3,72.37 1 1
github.com/Azure/aks-app-routing-operator/pkg/controller/common/clean_type.go:77.92,78.59 1 1
github.com/Azure/aks-app-routing-operator/pkg/controller/common/clean_type.go:78.59,80.26 2 1
github.com/Azure/aks-app-routing-operator/pkg/controller/common/clean_type.go:80.26,82.18 2 1
github.com/Azure/aks-app-routing-operator/pkg/controller/common/clean_type.go:82.18,84.5 1 0
github.com/Azure/aks-app-routing-operator/pkg/controller/common/clean_type.go:86.4,86.31 1 1
github.com/Azure/aks-app-routing-operator/pkg/controller/common/clean_type.go:89.3,89.38 1 1
github.com/Azure/aks-app-routing-operator/pkg/controller/common/clean_type.go:94.42,95.54 1 1
github.com/Azure/aks-app-routing-operator/pkg/controller/common/clean_type.go:95.54,97.3 1 1
github.com/Azure/aks-app-routing-operator/pkg/controller/common/clean_type.go:101.82,102.59 1 1
github.com/Azure/aks-app-routing-operator/pkg/controller/common/clean_type.go:102.59,104.17 2 1
github.com/Azure/aks-app-routing-operator/pkg/controller/common/clean_type.go:104.17,106.4 1 0
github.com/Azure/aks-app-routing-operator/pkg/controller/common/clean_type.go:108.3,109.17 2 1
github.com/Azure/aks-app-routing-operator/pkg/controller/common/clean_type.go:109.17,111.4 1 0
github.com/Azure/aks-app-routing-operator/pkg/controller/common/clean_type.go:113.3,113.34 1 1
github.com/Azure/aks-app-routing-operator/pkg/controller/common/clean_type.go:118.100,119.59 1 1
github.com/Azure/aks-app-routing-operator/pkg/controller/common/clean_type.go:119.59,121.17 2 1
github.com/Azure/aks-app-routing-operator/pkg/controller/common/clean_type.go:121.17,123.4 1 0
github.com/Azure/aks-app-routing-operator/pkg/controller/common/clean_type.go:125.3,126.17 2 1
github.com/Azure/aks-app-routing-operator/pkg/controller/common/clean_type.go:126.17,128.4 1 0
github.com/Azure/aks-app-routing-operator/pkg/controller/common/clean_type.go:130.3,131.30 2 1
github.com/Azure/aks-app-routing-operator/pkg/controller/common/clean_type.go:131.30,133.35 2 1
github.com/Azure/aks-app-routing-operator/pkg/controller/common/clean_type.go:133.35,134.43 1 1
github.com/Azure/aks-app-routing-operator/pkg/controller/common/clean_type.go:134.43,136.11 2 1
github.com/Azure/aks-app-routing-operator/pkg/controller/common/clean_type.go:140.4,140.17 1 1
github.com/Azure/aks-app-routing-operator/pkg/controller/common/clean_type.go:140.17,142.5 1 1
github.com/Azure/aks-app-routing-operator/pkg/controller/common/clean_type.go:145.3,145.17 1 1
github.com/Azure/aks-app-routing-operator/pkg/controller/common/clean_type.go:149.55,150.12 1 1
github.com/Azure/aks-app-routing-operator/pkg/controller/common/clean_type.go:151.18,152.35 1 1
github.com/Azure/aks-app-routing-operator/pkg/controller/common/clean_type.go:153.20,154.43 1 1
github.com/Azure/aks-app-routing-operator/pkg/controller/common/clean_type.go:155.10,156.15 1 0
github.com/Azure/aks-app-routing-operator/pkg/controller/common/cleaner.go:35.91,37.16 2 0
github.com/Azure/aks-app-routing-operator/pkg/controller/common/cleaner.go:37.16,39.3 1 0
github.com/Azure/aks-app-routing-operator/pkg/controller/common/cleaner.go:41.2,42.16 2 0
github.com/Azure/aks-app-routing-operator/pkg/controller/common/cleaner.go:42.16,44.3 1 0
github.com/Azure/aks-app-routing-operator/pkg/controller/common/cleaner.go:46.2,47.16 2 0
github.com/Azure/aks-app-routing-operator/pkg/controller/common/cleaner.go:47.16,49.3 1 0
github.com/Azure/aks-app-routing-operator/pkg/controller/common/cleaner.go:51.2,60.23 2 0
github.com/Azure/aks-app-routing-operator/pkg/controller/common/cleaner.go:63.52,66.15 3 0
github.com/Azure/aks-app-routing-operator/pkg/controller/common/cleaner.go:66.15,68.3 1 0
github.com/Azure/aks-app-routing-operator/pkg/controller/common/cleaner.go:70.2,70.37 1 0
github.com/Azure/aks-app-routing-operator/pkg/controller/common/cleaner.go:70.37,72.17 2 0
github.com/Azure/aks-app-routing-operator/pkg/controller/common/cleaner.go:72.17,74.4 1 0
github.com/Azure/aks-app-routing-operator/pkg/controller/common/cleaner.go:76.3,77.24 2 0
github.com/Azure/aks-app-routing-operator/pkg/controller/common/cleaner.go:77.24,78.9 1 0
github.com/Azure/aks-app-routing-operator/pkg/controller/common/cleaner.go:81.3,83.22 3 0
github.com/Azure/aks-app-routing-operator/pkg/controller/common/cleaner.go:86.2,86.12 1 0
github.com/Azure/aks-app-routing-operator/pkg/controller/common/cleaner.go:89.52,90.24 1 0
github.com/Azure/aks-app-routing-operator/pkg/controller/common/cleaner.go:90.24,92.3 1 0
github.com/Azure/aks-app-routing-operator/pkg/controller/common/cleaner.go:94.2,95.16 2 0
github.com/Azure/aks-app-routing-operator/pkg/controller/common/cleaner.go:95.16,97.3 1 0
github.com/Azure/aks-app-routing-operator/pkg/controller/common/cleaner.go:99.2,100.26 2 0
github.com/Azure/aks-app-routing-operator/pkg/controller/common/cleaner.go:100.26,101.45 1 0
github.com/Azure/aks-app-routing-operator/pkg/controller/common/cleaner.go:101.45,103.4 1 0
github.com/Azure/aks-app-routing-operator/pkg/controller/common/cleaner.go:106.2,106.28 1 0
github.com/Azure/aks-app-routing-operator/pkg/controller/common/cleaner.go:109.69,112.16 3 1
github.com/Azure/aks-app-routing-operator/pkg/controller/common/cleaner.go:112.16,114.3 1 0
github.com/Azure/aks-app-routing-operator/pkg/controller/common/cleaner.go:116.2,124.16 5 1
github.com/Azure/aks-app-routing-operator/pkg/controller/common/cleaner.go:124.16,126.3 1 1
github.com/Azure/aks-app-routing-operator/pkg/controller/common/cleaner.go:127.2,127.42 1 1
github.com/Azure/aks-app-routing-operator/pkg/controller/common/cleaner.go:127.42,129.3 1 0
github.com/Azure/aks-app-routing-operator/pkg/controller/common/cleaner.go:133.2,134.16 2 1
github.com/Azure/aks-app-routing-operator/pkg/controller/common/cleaner.go:134.16,136.3 1 0
github.com/Azure/aks-app-routing-operator/pkg/controller/common/cleaner.go:138.2,138.61 1 1
github.com/Azure/aks-app-routing-operator/pkg/controller/common/cleaner.go:138.61,140.17 2 1
github.com/Azure/aks-app-routing-operator/pkg/controller/common/cleaner.go:140.17,142.4 1 0
github.com/Azure/aks-app-routing-operator/pkg/controller/common/cleaner.go:144.3,145.17 2 1
github.com/Azure/aks-app-routing-operator/pkg/controller/common/cleaner.go:145.17,147.4 1 0
github.com/Azure/aks-app-routing-operator/pkg/controller/common/cleaner.go:149.3,150.19 2 1
github.com/Azure/aks-app-routing-operator/pkg/controller/common/cleaner.go:150.19,152.4 1 1
github.com/Azure/aks-app-routing-operator/pkg/controller/common/cleaner.go:154.3,155.47 2 1
github.com/Azure/aks-app-routing-operator/pkg/controller/common/cleaner.go:155.47,157.4 1 0
github.com/Azure/aks-app-routing-operator/pkg/controller/common/cleaner.go:159.3,159.13 1 1
github.com/Azure/aks-app-routing-operator/pkg/controller/common/cleaner.go:160.17,162.3 1 0
github.com/Azure/aks-app-routing-operator/pkg/controller/common/cleaner.go:164.2,164.12 1 1
github.com/Azure/aks-app-routing-operator/pkg/controller/common/cleaner.go:167.45,169.2 1 1
github.com/Azure/aks-app-routing-operator/pkg/controller/common/cleaner.go:171.98,173.16 2 1
github.com/Azure/aks-app-routing-operator/pkg/controller/common/cleaner.go:173.16,175.3 1 1
github.com/Azure/aks-app-routing-operator/pkg/controller/common/cleaner.go:177.2,178.37 2 1
github.com/Azure/aks-app-routing-operator/pkg/controller/common/cleaner.go:178.37,179.29 1 1
github.com/Azure/aks-app-routing-operator/pkg/controller/common/cleaner.go:179.29,181.9 2 1
github.com/Azure/aks-app-routing-operator/pkg/controller/common/cleaner.go:185.2,185.24 1 1
github.com/Azure/aks-app-routing-operator/pkg/controller/common/resource_reconciler.go:23.129,33.2 2 0
github.com/Azure/aks-app-routing-operator/pkg/controller/common/resource_reconciler.go:35.63,40.6 4 0
github.com/Azure/aks-app-routing-operator/pkg/controller/common/resource_reconciler.go:40.6,41.10 1 0
github.com/Azure/aks-app-routing-operator/pkg/controller/common/resource_reconciler.go:42.21,43.20 1 0
github.com/Azure/aks-app-routing-operator/pkg/controller/common/resource_reconciler.go:44.49,44.49 0 0
github.com/Azure/aks-app-routing-operator/pkg/controller/common/resource_reconciler.go:47.3,47.37 1 0
github.com/Azure/aks-app-routing-operator/pkg/controller/common/resource_reconciler.go:47.37,50.12 3 0
github.com/Azure/aks-app-routing-operator/pkg/controller/common/resource_reconciler.go:53.3,53.24 1 0
github.com/Azure/aks-app-routing-operator/pkg/controller/common/resource_reconciler.go:57.62,60.15 3 1
github.com/Azure/aks-app-routing-operator/pkg/controller/common/resource_reconciler.go:60.15,62.3 1 1
github.com/Azure/aks-app-routing-operator/pkg/controller/common/resource_reconciler.go:64.2,64.34 1 1
github.com/Azure/aks-app-routing-operator/pkg/controller/common/resource_reconciler.go:64.34,66.41 2 1
github.com/Azure/aks-app-routing-operator/pkg/controller/common/resource_reconciler.go:66.41,67.83 1 0
github.com/Azure/aks-app-routing-operator/pkg/controller/common/resource_reconciler.go:67.83,69.5 1 0
github.com/Azure/aks-app-routing-operator/pkg/controller/common/resource_reconciler.go:70.4,70.12 1 0
github.com/Azure/aks-app-routing-operator/pkg/controller/common/resource_reconciler.go:73.3,73.58 1 1
github.com/Azure/aks-app-routing-operator/pkg/controller/common/resource_reconciler.go:73.58,75.4 1 0
github.com/Azure/aks-app-routing-operator/pkg/controller/common/resource_reconciler.go:78.2,78.12 1 1
github.com/Azure/aks-app-routing-operator/pkg/controller/common/resource_reconciler.go:81.56,83.2 1 1
github.com/Azure/aks-app-routing-operator/pkg/controller/ingress/concurrency_watchdog.go:35.98,41.16 2 1
github.com/Azure/aks-app-routing-operator/pkg/controller/ingress/concurrency_watchdog.go:41.16,43.3 1 0
github.com/Azure/aks-app-routing-operator/pkg/controller/ingress/concurrency_watchdog.go:45.2,47.6 3 1
github.com/Azure/aks-app-routing-operator/pkg/controller/ingress/concurrency_watchdog.go:47.6,49.29 2 1
github.com/Azure/aks-app-routing-operator/pkg/controller/ingress/concurrency_watchdog.go:49.29,50.9 1 1
github.com/Azure/aks-app-routing-operator/pkg/controller/ingress/concurrency_watchdog.go:52.3,52.17 1 1
github.com/Azure/aks-app-routing-operator/pkg/controller/ingress/concurrency_watchdog.go:52.17,54.4 1 0
github.com/Azure/aks-app-routing-operator/pkg/controller/ingress/concurrency_watchdog.go:55.3,55.79 1 1
github.com/Azure/aks-app-routing-operator/pkg/controller/ingress/concurrency_watchdog.go:55.79,56.12 1 1
github.com/Azure/aks-app-routing-operator/pkg/controller/ingress/concurrency_watchdog.go:58.3,58.40 1 1
github.com/Azure/aks-app-routing-operator/pkg/controller/ingress/concurrency_watchdog.go:58.40,59.73 1 1
github.com/Azure/aks-app-routing-operator/pkg/controller/ingress/concurrency_watchdog.go:59.73,60.13 1 1
github.com/Azure/aks-app-routing-operator/pkg/controller/ingress/concurrency_watchdog.go:62.4,62.39 1 1
github.com/Azure/aks-app-routing-operator/pkg/controller/ingress/concurrency_watchdog.go:65.2,65.61 1 1
github.com/Azure/aks-app-routing-operator/pkg/controller/ingress/concurrency_watchdog.go:96.105,98.16 2 0
github.com/Azure/aks-app-routing-operator/pkg/controller/ingress/concurrency_watchdog.go:98.16,100.3 1 0
github.com/Azure/aks-app-routing-operator/pkg/controller/ingress/concurrency_watchdog.go:102.2,119.23 2 0
github.com/Azure/aks-app-routing-operator/pkg/controller/ingress/concurrency_watchdog.go:122.64,123.6 1 0
github.com/Azure/aks-app-routing-operator/pkg/controller/ingress/concurrency_watchdog.go:123.6,124.10 1 0
github.com/Azure/aks-app-routing-operator/pkg/controller/ingress/concurrency_watchdog.go:125.21,126.20 1 0
github.com/Azure/aks-app-routing-operator/pkg/controller/ingress/concurrency_watchdog.go:127.51,127.51 0 0
github.com/Azure/aks-app-routing-operator/pkg/controller/ingress/concurrency_watchdog.go:129.3,129.37 1 0
github.com/Azure/aks-app-routing-operator/pkg/controller/ingress/concurrency_watchdog.go:129.37,131.12 2 0
github.com/Azure/aks-app-routing-operator/pkg/controller/ingress/concurrency_watchdog.go:136.63,138.15 2 1
github.com/Azure/aks-app-routing-operator/pkg/controller/ingress/concurrency_watchdog.go:138.15,140.3 1 1
github.com/Azure/aks-app-routing-operator/pkg/controller/ingress/concurrency_watchdog.go:142.2,143.35 2 1
github.com/Azure/aks-app-routing-operator/pkg/controller/ingress/concurrency_watchdog.go:143.35,148.17 4 1
github.com/Azure/aks-app-routing-operator/pkg/controller/ingress/concurrency_watchdog.go:148.17,150.12 2 0
github.com/Azure/aks-app-routing-operator/pkg/controller/ingress/concurrency_watchdog.go:153.3,156.34 4 1
github.com/Azure/aks-app-routing-operator/pkg/controller/ingress/concurrency_watchdog.go:156.34,157.25 1 1
github.com/Azure/aks-app-routing-operator/pkg/controller/ingress/concurrency_watchdog.go:157.25,158.13 1 1
github.com/Azure/aks-app-routing-operator/pkg/controller/ingress/concurrency_watchdog.go:160.4,162.18 3 1
github.com/Azure/aks-app-routing-operator/pkg/controller/ingress/concurrency_watchdog.go:162.18,164.13 2 0
github.com/Azure/aks-app-routing-operator/pkg/controller/ingress/concurrency_watchdog.go:166.4,167.33 2 1
github.com/Azure/aks-app-routing-operator/pkg/controller/ingress/concurrency_watchdog.go:169.3,173.21 2 1
github.com/Azure/aks-app-routing-operator/pkg/controller/ingress/concurrency_watchdog.go:173.21,174.12 1 1
github.com/Azure/aks-app-routing-operator/pkg/controller/ingress/concurrency_watchdog.go:177.3,178.16 2 1
github.com/Azure/aks-app-routing-operator/pkg/controller/ingress/concurrency_watchdog.go:178.16,179.12 1 1
github.com/Azure/aks-app-routing-operator/pkg/controller/ingress/concurrency_watchdog.go:182.3,190.99 3 1
github.com/Azure/aks-app-routing-operator/pkg/controller/ingress/concurrency_watchdog.go:190.99,193.4 1 1
github.com/Azure/aks-app-routing-operator/pkg/controller/ingress/concurrency_watchdog.go:196.2,196.28 1 1
github.com/Azure/aks-app-routing-operator/pkg/controller/ingress/concurrency_watchdog.go:199.133,202.33 2 1
github.com/Azure/aks-app-routing-operator/pkg/controller/ingress/concurrency_watchdog.go:202.33,206.99 3 1
github.com/Azure/aks-app-routing-operator/pkg/controller/ingress/concurrency_watchdog.go:206.99,207.12 1 1
github.com/Azure/aks-app-routing-operator/pkg/controller/ingress/concurrency_watchdog.go:209.3,213.27 4 1
github.com/Azure/aks-app-routing-operator/pkg/controller/ingress/concurrency_watchdog.go:213.27,216.4 2 1
github.com/Azure/aks-app-routing-operator/pkg/controller/ingress/concurrency_watchdog.go:216.9,218.4 1 1
github.com/Azure/aks-app-routing-operator/pkg/controller/ingress/concurrency_watchdog.go:220.3,221.25 2 1
github.com/Azure/aks-app-routing-operator/pkg/controller/ingress/concurrency_watchdog.go:225.2,226.35 2 1
github.com/Azure/aks-app-routing-operator/pkg/controller/ingress/concurrency_watchdog.go:226.35,228.10 2 1
github.com/Azure/aks-app-routing-operator/pkg/controller/ingress/concurrency_watchdog.go:228.10,230.4 1 1
github.com/Azure/aks-app-routing-operator/pkg/controller/ingress/concurrency_watchdog.go:231.3,231.90 1 1
github.com/Azure/aks-app-routing-operator/pkg/controller/ingress/concurrency_watchdog.go:231.90,233.4 1 1
github.com/Azure/aks-app-routing-operator/pkg/controller/ingress/concurrency_watchdog.go:234.3,234.30 1 1
github.com/Azure/aks-app-routing-operator/pkg/controller/ingress/concurrency_watchdog.go:238.2,238.38 1 1
github.com/Azure/aks-app-routing-operator/pkg/controller/ingress/concurrency_watchdog.go:238.38,239.39 1 1
github.com/Azure/aks-app-routing-operator/pkg/controller/ingress/concurrency_watchdog.go:239.39,240.12 1 1
github.com/Azure/aks-app-routing-operator/pkg/controller/ingress/concurrency_watchdog.go:242.3,242.13 1 1
github.com/Azure/aks-app-routing-operator/pkg/controller/ingress/concurrency_watchdog.go:244.2,244.11 1 1
github.com/Azure/aks-app-routing-operator/pkg/controller/ingress/concurrency_watchdog.go:247.57,249.2 1 1
github.com/Azure/aks-app-routing-operator/pkg/controller/ingress/concurrency_watchdog.go:256.71,257.35 1 1
github.com/Azure/aks-app-routing-operator/pkg/controller/ingress/concurrency_watchdog.go:257.35,258.54 1 1
github.com/Azure/aks-app-routing-operator/pkg/controller/ingress/concurrency_watchdog.go:258.54,260.4 1 1
github.com/Azure/aks-app-routing-operator/pkg/controller/ingress/concurrency_watchdog.go:262.2,262.14 1 1
github.com/Azure/aks-app-routing-operator/pkg/controller/ingress/concurrency_watchdog.go:265.39,266.45 1 1
github.com/Azure/aks-app-routing-operator/pkg/controller/ingress/concurrency_watchdog.go:266.45,267.74 1 1
github.com/Azure/aks-app-routing-operator/pkg/controller/ingress/concurrency_watchdog.go:267.74,269.4 1 1
github.com/Azure/aks-app-routing-operator/pkg/controller/ingress/concurrency_watchdog.go:271.2,271.14 1 1
github.com/Azure/aks-app-routing-operator/pkg/controller/ingress/ingress_class_reconciler.go:10.100,12.2 1 0
github.com/Azure/aks-app-routing-operator/pkg/controller/ingress/ingress_controller_reconciler.go:17.105,19.2 1 0
github.com/Azure/aks-app-routing-operator/pkg/controller/keyvault/event_mirror.go:31.70,32.26 1 0
github.com/Azure/aks-app-routing-operator/pkg/controller/keyvault/event_mirror.go:32.26,34.3 1 0
github.com/Azure/aks-app-routing-operator/pkg/controller/keyvault/event_mirror.go:35.2,43.14 2 0
github.com/Azure/aks-app-routing-operator/pkg/controller/keyvault/event_mirror.go:46.93,48.16 2 1
github.com/Azure/aks-app-routing-operator/pkg/controller/keyvault/event_mirror.go:48.16,50.3 1 0
github.com/Azure/aks-app-routing-operator/pkg/controller/keyvault/event_mirror.go:51.2,55.28 4 1
github.com/Azure/aks-app-routing-operator/pkg/controller/keyvault/event_mirror.go:55.28,57.3 1 0
github.com/Azure/aks-app-routing-operator/pkg/controller/keyvault/event_mirror.go:58.2,58.16 1 1
github.com/Azure/aks-app-routing-operator/pkg/controller/keyvault/event_mirror.go:58.16,60.3 1 0
github.com/Azure/aks-app-routing-operator/pkg/controller/keyvault/event_mirror.go:63.2,66.48 1 1
github.com/Azure/aks-app-routing-operator/pkg/controller/keyvault/event_mirror.go:66.48,68.3 1 0
github.com/Azure/aks-app-routing-operator/pkg/controller/keyvault/event_mirror.go:71.2,75.28 5 1
github.com/Azure/aks-app-routing-operator/pkg/controller/keyvault/event_mirror.go:75.28,77.3 1 0
github.com/Azure/aks-app-routing-operator/pkg/controller/keyvault/event_mirror.go:78.2,78.16 1 1
github.com/Azure/aks-app-routing-operator/pkg/controller/keyvault/event_mirror.go:78.16,80.3 1 0
github.com/Azure/aks-app-routing-operator/pkg/controller/keyvault/event_mirror.go:81.2,81.28 1 1
github.com/Azure/aks-app-routing-operator/pkg/controller/keyvault/event_mirror.go:81.28,83.3 1 0
github.com/Azure/aks-app-routing-operator/pkg/controller/keyvault/event_mirror.go:86.2,90.28 5 1
github.com/Azure/aks-app-routing-operator/pkg/controller/keyvault/event_mirror.go:90.28,92.3 1 0
github.com/Azure/aks-app-routing-operator/pkg/controller/keyvault/event_mirror.go:93.2,93.16 1 1
github.com/Azure/aks-app-routing-operator/pkg/controller/keyvault/event_mirror.go:93.16,95.3 1 0
github.com/Azure/aks-app-routing-operator/pkg/controller/keyvault/event_mirror.go:98.2,98.80 1 1
github.com/Azure/aks-app-routing-operator/pkg/controller/keyvault/event_mirror.go:98.80,103.29 5 1
github.com/Azure/aks-app-routing-operator/pkg/controller/keyvault/event_mirror.go:103.29,105.4 1 0
github.com/Azure/aks-app-routing-operator/pkg/controller/keyvault/event_mirror.go:106.3,106.17 1 1
github.com/Azure/aks-app-routing-operator/pkg/controller/keyvault/event_mirror.go:106.17,108.4 1 0
github.com/Azure/aks-app-routing-operator/pkg/controller/keyvault/event_mirror.go:109.3,109.63 1 1
github.com/Azure/aks-app-routing-operator/pkg/controller/keyvault/event_mirror.go:112.2,113.27 2 1
github.com/Azure/aks-app-routing-operator/pkg/controller/keyvault/event_mirror.go:116.59,118.46 1 0
github.com/Azure/aks-app-routing-operator/pkg/controller/keyvault/event_mirror.go:118.46,120.4 1 0
github.com/Azure/aks-app-routing-operator/pkg/controller/keyvault/event_mirror.go:121.46,123.4 1 0
github.com/Azure/aks-app-routing-operator/pkg/controller/keyvault/event_mirror.go:124.46,126.4 1 0
github.com/Azure/aks-app-routing-operator/pkg/controller/keyvault/event_mirror.go:127.48,129.4 1 0
github.com/Azure/aks-app-routing-operator/pkg/controller/keyvault/ingress_manager.go:15.68,17.2 1 1
github.com/Azure/aks-app-routing-operator/pkg/controller/keyvault/ingress_manager.go:19.61,20.16 1 1
github.com/Azure/aks-app-routing-operator/pkg/controller/keyvault/ingress_manager.go:20.16,22.3 1 0
github.com/Azure/aks-app-routing-operator/pkg/controller/keyvault/ingress_manager.go:24.2,25.15 2 1
github.com/Azure/aks-app-routing-operator/pkg/controller/keyvault/ingress_manager.go:25.15,27.3 1 1
github.com/Azure/aks-app-routing-operator/pkg/controller/keyvault/ingress_manager.go:29.2,30.11 2 1
github.com/Azure/aks-app-routing-operator/pkg/controller/keyvault/ingress_secret_provider_class.go:37.126,38.26 1 0
github.com/Azure/aks-app-routing-operator/pkg/controller/keyvault/ingress_secret_provider_class.go:38.26,40.3 1 0
github.com/Azure/aks-app-routing-operator/pkg/controller/keyvault/ingress_secret_provider_class.go:41.2,49.5 1 0
github.com/Azure/aks-app-routing-operator/pkg/controller/keyvault/ingress_secret_provider_class.go:52.118,54.16 2 1
github.com/Azure/aks-app-routing-operator/pkg/controller/keyvault/ingress_secret_provider_class.go:54.16,56.3 1 0
github.com/Azure/aks-app-routing-operator/pkg/controller/keyvault/ingress_secret_provider_class.go:57.2,61.28 4 1
github.com/Azure/aks-app-routing-operator/pkg/controller/keyvault/ingress_secret_provider_class.go:61.28,63.3 1 0
github.com/Azure/aks-app-routing-operator/pkg/controller/keyvault/ingress_secret_provider_class.go:64.2,64.16 1 1
github.com/Azure/aks-app-routing-operator/pkg/controller/keyvault/ingress_secret_provider_class.go:64.16,66.3 1 0
github.com/Azure/aks-app-routing-operator/pkg/controller/keyvault/ingress_secret_provider_class.go:67.2,87.16 4 1
github.com/Azure/aks-app-routing-operator/pkg/controller/keyvault/ingress_secret_provider_class.go:87.16,90.3 2 1
github.com/Azure/aks-app-routing-operator/pkg/controller/keyvault/ingress_secret_provider_class.go:91.2,91.8 1 1
github.com/Azure/aks-app-routing-operator/pkg/controller/keyvault/ingress_secret_provider_class.go:91.8,94.3 2 1
github.com/Azure/aks-app-routing-operator/pkg/controller/keyvault/ingress_secret_provider_class.go:96.2,97.28 2 1
github.com/Azure/aks-app-routing-operator/pkg/controller/keyvault/ingress_secret_provider_class.go:97.28,99.3 1 1
github.com/Azure/aks-app-routing-operator/pkg/controller/keyvault/ingress_secret_provider_class.go:100.2,100.16 1 1
github.com/Azure/aks-app-routing-operator/pkg/controller/keyvault/ingress_secret_provider_class.go:100.16,102.3 1 0
github.com/Azure/aks-app-routing-operator/pkg/controller/keyvault/ingress_secret_provider_class.go:104.2,105.49 2 1
github.com/Azure/aks-app-routing-operator/pkg/controller/keyvault/ingress_secret_provider_class.go:108.123,109.64 1 1
github.com/Azure/aks-app-routing-operator/pkg/controller/keyvault/ingress_secret_provider_class.go:109.64,111.3 1 1
github.com/Azure/aks-app-routing-operator/pkg/controller/keyvault/ingress_secret_provider_class.go:113.2,114.14 2 1
github.com/Azure/aks-app-routing-operator/pkg/controller/keyvault/ingress_secret_provider_class.go:114.14,116.3 1 1
github.com/Azure/aks-app-routing-operator/pkg/controller/keyvault/ingress_secret_provider_class.go:118.2,119.19 2 1
github.com/Azure/aks-app-routing-operator/pkg/controller/keyvault/ingress_secret_provider_class.go:119.19,121.3 1 1
github.com/Azure/aks-app-routing-operator/pkg/controller/keyvault/ingress_secret_provider_class.go:123.2,124.16 2 1
github.com/Azure/aks-app-routing-operator/pkg/controller/keyvault/ingress_secret_provider_class.go:124.16,126.3 1 1
github.com/Azure/aks-app-routing-operator/pkg/controller/keyvault/ingress_secret_provider_class.go:127.2,129.21 3 1
github.com/Azure/aks-app-routing-operator/pkg/controller/keyvault/ingress_secret_provider_class.go:129.21,131.3 1 1
github.com/Azure/aks-app-routing-operator/pkg/controller/keyvault/ingress_secret_provider_class.go:132.2,137.21 3 1
github.com/Azure/aks-app-routing-operator/pkg/controller/keyvault/ingress_secret_provider_class.go:137.21,139.3 1 1
github.com/Azure/aks-app-routing-operator/pkg/controller/keyvault/ingress_secret_provider_class.go:141.2,142.16 2 1
github.com/Azure/aks-app-routing-operator/pkg/controller/keyvault/ingress_secret_provider_class.go:142.16,144.3 1 0
github.com/Azure/aks-app-routing-operator/pkg/controller/keyvault/ingress_secret_provider_class.go:145.2,146.16 2 1
github.com/Azure/aks-app-routing-operator/pkg/controller/keyvault/ingress_secret_provider_class.go:146.16,148.3 1 0
github.com/Azure/aks-app-routing-operator/pkg/controller/keyvault/ingress_secret_provider_class.go:150.2,176.26 2 1
github.com/Azure/aks-app-routing-operator/pkg/controller/keyvault/ingress_secret_provider_class.go:176.26,178.3 1 1
github.com/Azure/aks-app-routing-operator/pkg/controller/keyvault/ingress_secret_provider_class.go:180.2,180.18 1 1
github.com/Azure/aks-app-routing-operator/pkg/controller/keyvault/placeholder_pod.go:38.114,39.26 1 0
github.com/Azure/aks-app-routing-operator/pkg/controller/keyvault/placeholder_pod.go:39.26,41.3 1 0
github.com/Azure/aks-app-routing-operator/pkg/controller/keyvault/placeholder_pod.go:42.2,45.113 1 0
github.com/Azure/aks-app-routing-operator/pkg/controller/keyvault/placeholder_pod.go:48.106,50.16 2 1
github.com/Azure/aks-app-routing-operator/pkg/controller/keyvault/placeholder_pod.go:50.16,52.3 1 0
github.com/Azure/aks-app-routing-operator/pkg/controller/keyvault/placeholder_pod.go:53.2,57.28 4 1
github.com/Azure/aks-app-routing-operator/pkg/controller/keyvault/placeholder_pod.go:57.28,59.3 1 0
github.com/Azure/aks-app-routing-operator/pkg/controller/keyvault/placeholder_pod.go:60.2,60.16 1 1
github.com/Azure/aks-app-routing-operator/pkg/controller/keyvault/placeholder_pod.go:60.16,62.3 1 0
github.com/Azure/aks-app-routing-operator/pkg/controller/keyvault/placeholder_pod.go:63.2,86.20 6 1
github.com/Azure/aks-app-routing-operator/pkg/controller/keyvault/placeholder_pod.go:86.20,87.81 1 1
github.com/Azure/aks-app-routing-operator/pkg/controller/keyvault/placeholder_pod.go:87.81,89.4 1 0
github.com/Azure/aks-app-routing-operator/pkg/controller/keyvault/placeholder_pod.go:92.2,93.68 2 1
github.com/Azure/aks-app-routing-operator/pkg/controller/keyvault/placeholder_pod.go:93.68,94.81 1 1
github.com/Azure/aks-app-routing-operator/pkg/controller/keyvault/placeholder_pod.go:94.81,96.4 1 0
github.com/Azure/aks-app-routing-operator/pkg/controller/keyvault/placeholder_pod.go:97.3,97.50 1 1
github.com/Azure/aks-app-routing-operator/pkg/controller/keyvault/placeholder_pod.go:100.2,104.55 3 1
github.com/Azure/aks-app-routing-operator/pkg/controller/keyvault/placeholder_pod.go:104.55,106.3 1 0
github.com/Azure/aks-app-routing-operator/pkg/controller/keyvault/placeholder_pod.go:108.2,108.27 1 1
github.com/Azure/aks-app-routing-operator/pkg/controller/keyvault/placeholder_pod.go:111.128,157.2 2 1
github.com/Azure/aks-app-routing-operator/pkg/controller/osm/ingress_backend_reconciler.go:32.89,34.2 1 1
github.com/Azure/aks-app-routing-operator/pkg/controller/osm/ingress_backend_reconciler.go:36.90,37.16 1 1
github.com/Azure/aks-app-routing-operator/pkg/controller/osm/ingress_backend_reconciler.go:37.16,39.3 1 0
github.com/Azure/aks-app-routing-operator/pkg/controller/osm/ingress_backend_reconciler.go:41.2,42.15 2 1
github.com/Azure/aks-app-routing-operator/pkg/controller/osm/ingress_backend_reconciler.go:42.15,44.3 1 0
github.com/Azure/aks-app-routing-operator/pkg/controller/osm/ingress_backend_reconciler.go:46.2,47.9 2 1
github.com/Azure/aks-app-routing-operator/pkg/controller/osm/ingress_backend_reconciler.go:47.9,49.3 1 0
github.com/Azure/aks-app-routing-operator/pkg/controller/osm/ingress_backend_reconciler.go:51.2,51.25 1 1
github.com/Azure/aks-app-routing-operator/pkg/controller/osm/ingress_backend_reconciler.go:62.130,63.21 1 0
github.com/Azure/aks-app-routing-operator/pkg/controller/osm/ingress_backend_reconciler.go:63.21,65.3 1 0
github.com/Azure/aks-app-routing-operator/pkg/controller/osm/ingress_backend_reconciler.go:66.2,69.129 1 0
github.com/Azure/aks-app-routing-operator/pkg/controller/osm/ingress_backend_reconciler.go:72.106,74.16 2 1
github.com/Azure/aks-app-routing-operator/pkg/controller/osm/ingress_backend_reconciler.go:74.16,76.3 1 0
github.com/Azure/aks-app-routing-operator/pkg/controller/osm/ingress_backend_reconciler.go:77.2,81.28 4 1
github.com/Azure/aks-app-routing-operator/pkg/controller/osm/ingress_backend_reconciler.go:81.28,83.3 1 0
github.com/Azure/aks-app-routing-operator/pkg/controller/osm/ingress_backend_reconciler.go:84.2,84.16 1 1
github.com/Azure/aks-app-routing-operator/pkg/controller/osm/ingress_backend_reconciler.go:84.16,86.3 1 0
github.com/Azure/aks-app-routing-operator/pkg/controller/osm/ingress_backend_reconciler.go:87.2,109.97 5 1
github.com/Azure/aks-app-routing-operator/pkg/controller/osm/ingress_backend_reconciler.go:109.97,111.29 2 1
github.com/Azure/aks-app-routing-operator/pkg/controller/osm/ingress_backend_reconciler.go:111.29,113.4 1 1
github.com/Azure/aks-app-routing-operator/pkg/controller/osm/ingress_backend_reconciler.go:114.3,114.17 1 1
github.com/Azure/aks-app-routing-operator/pkg/controller/osm/ingress_backend_reconciler.go:114.17,116.4 1 0
github.com/Azure/aks-app-routing-operator/pkg/controller/osm/ingress_backend_reconciler.go:117.3,117.54 1 1
github.com/Azure/aks-app-routing-operator/pkg/controller/osm/ingress_backend_reconciler.go:120.2,134.38 2 1
github.com/Azure/aks-app-routing-operator/pkg/controller/osm/ingress_backend_reconciler.go:134.38,135.23 1 1
github.com/Azure/aks-app-routing-operator/pkg/controller/osm/ingress_backend_reconciler.go:135.23,136.12 1 1
github.com/Azure/aks-app-routing-operator/pkg/controller/osm/ingress_backend_reconciler.go:138.3,138.40 1 1
github.com/Azure/aks-app-routing-operator/pkg/controller/osm/ingress_backend_reconciler.go:138.40,139.76 1 1
github.com/Azure/aks-app-routing-operator/pkg/controller/osm/ingress_backend_reconciler.go:139.76,140.13 1 1
github.com/Azure/aks-app-routing-operator/pkg/controller/osm/ingress_backend_reconciler.go:142.4,149.6 1 1
github.com/Azure/aks-app-routing-operator/pkg/controller/osm/ingress_backend_reconciler.go:153.2,154.59 2 1
github.com/Azure/aks-app-routing-operator/pkg/controller/osm/ingress_cert_config_reconciler.go:32.86,33.21 1 0
github.com/Azure/aks-app-routing-operator/pkg/controller/osm/ingress_cert_config_reconciler.go:33.21,35.3 1 0
github.com/Azure/aks-app-routing-operator/pkg/controller/osm/ingress_cert_config_reconciler.go:36.2,39.70 1 0
github.com/Azure/aks-app-routing-operator/pkg/controller/osm/ingress_cert_config_reconciler.go:42.109,44.16 2 1
github.com/Azure/aks-app-routing-operator/pkg/controller/osm/ingress_cert_config_reconciler.go:44.16,46.3 1 0
github.com/Azure/aks-app-routing-operator/pkg/controller/osm/ingress_cert_config_reconciler.go:47.2,49.68 2 1
github.com/Azure/aks-app-routing-operator/pkg/controller/osm/ingress_cert_config_reconciler.go:49.68,51.3 1 0
github.com/Azure/aks-app-routing-operator/pkg/controller/osm/ingress_cert_config_reconciler.go:53.2,55.28 3 1
github.com/Azure/aks-app-routing-operator/pkg/controller/osm/ingress_cert_config_reconciler.go:55.28,57.3 1 0
github.com/Azure/aks-app-routing-operator/pkg/controller/osm/ingress_cert_config_reconciler.go:58.2,58.16 1 1
github.com/Azure/aks-app-routing-operator/pkg/controller/osm/ingress_cert_config_reconciler.go:58.16,60.3 1 0
github.com/Azure/aks-app-routing-operator/pkg/controller/osm/ingress_cert_config_reconciler.go:62.2,63.49 2 1
github.com/Azure/aks-app-routing-operator/pkg/controller/osm/ingress_cert_config_reconciler.go:63.49,65.3 1 1
github.com/Azure/aks-app-routing-operator/pkg/controller/osm/ingress_cert_config_reconciler.go:66.2,66.75 1 1
github.com/Azure/aks-app-routing-operator/pkg/controller/osm/ingress_cert_config_reconciler.go:66.75,69.3 2 1
github.com/Azure/aks-app-routing-operator/pkg/controller/osm/ingress_cert_config_reconciler.go:70.2,70.75 1 1
github.com/Azure/aks-app-routing-operator/pkg/controller/osm/ingress_cert_config_reconciler.go:70.75,73.3 2 1
github.com/Azure/aks-app-routing-operator/pkg/controller/osm/ingress_cert_config_reconciler.go:74.2,74.84 1 1
github.com/Azure/aks-app-routing-operator/pkg/controller/osm/ingress_cert_config_reconciler.go:74.84,77.3 2 1
github.com/Azure/aks-app-routing-operator/pkg/controller/osm/ingress_cert_config_reconciler.go:78.2,79.86 1 1
github.com/Azure/aks-app-routing-operator/pkg/controller/osm/ingress_cert_config_reconciler.go:79.86,82.3 2 1
github.com/Azure/aks-app-routing-operator/pkg/controller/osm/ingress_cert_config_reconciler.go:83.2,83.12 1 1
github.com/Azure/aks-app-routing-operator/pkg/controller/osm/ingress_cert_config_reconciler.go:83.12,85.3 1 1
github.com/Azure/aks-app-routing-operator/pkg/controller/osm/ingress_cert_config_reconciler.go:87.2,88.50 2 1
github.com/Azure/aks-app-routing-operator/pkg/controller/service/ingress_reconciler.go:39.101,44.2 1 0
github.com/Azure/aks-app-routing-operator/pkg/controller/service/ingress_reconciler.go:46.104,48.16 2 1
github.com/Azure/aks-app-routing-operator/pkg/controller/service/ingress_reconciler.go:48.16,50.3 1 0
github.com/Azure/aks-app-routing-operator/pkg/controller/service/ingress_reconciler.go:51.2,55.28 4 1
github.com/Azure/aks-app-routing-operator/pkg/controller/service/ingress_reconciler.go:55.28,57.3 1 0
github.com/Azure/aks-app-routing-operator/pkg/controller/service/ingress_reconciler.go:58.2,58.16 1 1
github.com/Azure/aks-app-routing-operator/pkg/controller/service/ingress_reconciler.go:58.16,60.3 1 0
github.com/Azure/aks-app-routing-operator/pkg/controller/service/ingress_reconciler.go:61.2,63.189 2 1
github.com/Azure/aks-app-routing-operator/pkg/controller/service/ingress_reconciler.go:63.189,67.3 1 1
github.com/Azure/aks-app-routing-operator/pkg/controller/service/ingress_reconciler.go:69.2,70.82 2 1
github.com/Azure/aks-app-routing-operator/pkg/controller/service/ingress_reconciler.go:70.82,72.3 1 1
github.com/Azure/aks-app-routing-operator/pkg/controller/service/ingress_reconciler.go:74.2,119.72 3 1
github.com/Azure/aks-app-routing-operator/pkg/controller/service/ingress_reconciler.go:119.72,125.3 5 1
github.com/Azure/aks-app-routing-operator/pkg/controller/service/ingress_reconciler.go:127.2,128.55 2 1
github.com/Azure/aks-app-routing-operator/pkg/manifests/common.go:18.70,19.19 1 1
github.com/Azure/aks-app-routing-operator/pkg/manifests/common.go:19.19,21.3 1 1
github.com/Azure/aks-app-routing-operator/pkg/manifests/common.go:22.2,27.4 1 1
github.com/Azure/aks-app-routing-operator/pkg/manifests/common.go:30.55,44.2 2 1
github.com/Azure/aks-app-routing-operator/pkg/manifests/common.go:46.69,64.2 3 1
github.com/Azure/aks-app-routing-operator/pkg/manifests/common.go:66.87,85.2 3 1
github.com/Azure/aks-app-routing-operator/pkg/manifests/common.go:87.86,91.2 3 1
github.com/Azure/aks-app-routing-operator/pkg/manifests/common.go:93.66,102.26 4 1
github.com/Azure/aks-app-routing-operator/pkg/manifests/common.go:102.26,104.3 1 1
github.com/Azure/aks-app-routing-operator/pkg/manifests/common.go:105.2,105.39 1 1
github.com/Azure/aks-app-routing-operator/pkg/manifests/common.go:105.39,107.3 1 1
github.com/Azure/aks-app-routing-operator/pkg/manifests/common.go:108.2,119.86 2 1
github.com/Azure/aks-app-routing-operator/pkg/manifests/common.go:119.86,121.3 1 1
github.com/Azure/aks-app-routing-operator/pkg/manifests/common.go:122.2,141.13 2 1
github.com/Azure/aks-app-routing-operator/pkg/manifests/common.go:144.98,146.35 2 1
github.com/Azure/aks-app-routing-operator/pkg/manifests/common.go:146.35,148.3 1 1
github.com/Azure/aks-app-routing-operator/pkg/manifests/common.go:149.2,150.11 2 1
github.com/Azure/aks-app-routing-operator/pkg/manifests/external_dns.go:49.35,50.11 1 1
github.com/Azure/aks-app-routing-operator/pkg/manifests/external_dns.go:51.22,52.17 1 1
github.com/Azure/aks-app-routing-operator/pkg/manifests/external_dns.go:53.23,54.29 1 1
github.com/Azure/aks-app-routing-operator/pkg/manifests/external_dns.go:55.10,56.12 1 0
github.com/Azure/aks-app-routing-operator/pkg/manifests/external_dns.go:60.41,61.11 1 1
github.com/Azure/aks-app-routing-operator/pkg/manifests/external_dns.go:62.22,63.33 1 1
github.com/Azure/aks-app-routing-operator/pkg/manifests/external_dns.go:64.23,65.46 1 1
github.com/Azure/aks-app-routing-operator/pkg/manifests/external_dns.go:66.10,67.12 1 0
github.com/Azure/aks-app-routing-operator/pkg/manifests/external_dns.go:71.46,76.2 2 1
github.com/Azure/aks-app-routing-operator/pkg/manifests/external_dns.go:86.130,90.30 2 1
github.com/Azure/aks-app-routing-operator/pkg/manifests/external_dns.go:90.30,92.3 1 1
github.com/Azure/aks-app-routing-operator/pkg/manifests/external_dns.go:94.2,94.47 1 1
github.com/Azure/aks-app-routing-operator/pkg/manifests/external_dns.go:94.47,96.3 1 1
github.com/Azure/aks-app-routing-operator/pkg/manifests/external_dns.go:98.2,99.27 2 1
github.com/Azure/aks-app-routing-operator/pkg/manifests/external_dns.go:99.27,101.3 1 1
github.com/Azure/aks-app-routing-operator/pkg/manifests/external_dns.go:103.2,103.13 1 1
github.com/Azure/aks-app-routing-operator/pkg/manifests/external_dns.go:106.112,116.27 8 1
github.com/Azure/aks-app-routing-operator/pkg/manifests/external_dns.go:116.27,119.3 2 1
github.com/Azure/aks-app-routing-operator/pkg/manifests/external_dns.go:121.2,121.13 1 1
github.com/Azure/aks-app-routing-operator/pkg/manifests/external_dns.go:124.117,136.2 1 1
github.com/Azure/aks-app-routing-operator/pkg/manifests/external_dns.go:138.111,166.2 1 1
github.com/Azure/aks-app-routing-operator/pkg/manifests/external_dns.go:168.125,189.2 1 1
github.com/Azure/aks-app-routing-operator/pkg/manifests/external_dns.go:191.117,201.16 2 1
github.com/Azure/aks-app-routing-operator/pkg/manifests/external_dns.go:201.16,202.13 1 0
github.com/Azure/aks-app-routing-operator/pkg/manifests/external_dns.go:204.2,218.32 2 1
github.com/Azure/aks-app-routing-operator/pkg/manifests/external_dns.go:221.131,224.62 2 1
github.com/Azure/aks-app-routing-operator/pkg/manifests/external_dns.go:224.62,226.17 2 1
github.com/Azure/aks-app-routing-operator/pkg/manifests/external_dns.go:226.17,227.12 1 0
github.com/Azure/aks-app-routing-operator/pkg/manifests/external_dns.go:229.3,229.100 1 1
github.com/Azure/aks-app-routing-operator/pkg/manifests/external_dns.go:232.2,293.3 1 1
github.com/Azure/aks-app-routing-operator/pkg/manifests/nginx.go:54.60,56.2 1 1
github.com/Azure/aks-app-routing-operator/pkg/manifests/nginx.go:65.121,79.27 4 1
github.com/Azure/aks-app-routing-operator/pkg/manifests/nginx.go:79.27,81.3 1 1
github.com/Azure/aks-app-routing-operator/pkg/manifests/nginx.go:83.2,83.13 1 1
github.com/Azure/aks-app-routing-operator/pkg/manifests/nginx.go:87.135,91.30 2 1
github.com/Azure/aks-app-routing-operator/pkg/manifests/nginx.go:91.30,93.3 1 1
github.com/Azure/aks-app-routing-operator/pkg/manifests/nginx.go:95.2,107.27 3 1
github.com/Azure/aks-app-routing-operator/pkg/manifests/nginx.go:107.27,109.3 1 1
github.com/Azure/aks-app-routing-operator/pkg/manifests/nginx.go:111.2,111.13 1 1
github.com/Azure/aks-app-routing-operator/pkg/manifests/nginx.go:114.125,126.2 1 1
github.com/Azure/aks-app-routing-operator/pkg/manifests/nginx.go:128.119,178.2 1 1
github.com/Azure/aks-app-routing-operator/pkg/manifests/nginx.go:180.133,201.2 1 1
github.com/Azure/aks-app-routing-operator/pkg/manifests/nginx.go:203.111,206.40 3 1
github.com/Azure/aks-app-routing-operator/pkg/manifests/nginx.go:206.40,209.3 2 0
github.com/Azure/aks-app-routing-operator/pkg/manifests/nginx.go:211.2,212.16 2 1
github.com/Azure/aks-app-routing-operator/pkg/manifests/nginx.go:212.16,214.3 1 0
github.com/Azure/aks-app-routing-operator/pkg/manifests/nginx.go:215.2,215.20 1 1
github.com/Azure/aks-app-routing-operator/pkg/manifests/nginx.go:215.20,217.3 1 0
github.com/Azure/aks-app-routing-operator/pkg/manifests/nginx.go:218.2,218.34 1 1
github.com/Azure/aks-app-routing-operator/pkg/manifests/nginx.go:218.34,220.3 1 0
github.com/Azure/aks-app-routing-operator/pkg/manifests/nginx.go:222.2,222.36 1 1
github.com/Azure/aks-app-routing-operator/pkg/manifests/nginx.go:222.36,224.3 1 1
github.com/Azure/aks-app-routing-operator/pkg/manifests/nginx.go:226.2,255.3 1 1
github.com/Azure/aks-app-routing-operator/pkg/manifests/nginx.go:258.117,263.46 4 1
github.com/Azure/aks-app-routing-operator/pkg/manifests/nginx.go:263.46,265.3 1 1
github.com/Azure/aks-app-routing-operator/pkg/manifests/nginx.go:267.2,268.22 2 1
github.com/Azure/aks-app-routing-operator/pkg/manifests/nginx.go:268.22,270.3 1 1
github.com/Azure/aks-app-routing-operator/pkg/manifests/nginx.go:272.2,272.36 1 1
github.com/Azure/aks-app-routing-operator/pkg/manifests/nginx.go:272.36,274.3 1 1
github.com/Azure/aks-app-routing-operator/pkg/manifests/nginx.go:276.2,337.3 1 1
github.com/Azure/aks-app-routing-operator/pkg/manifests/nginx.go:340.115,358.2 1 1
github.com/Azure/aks-app-routing-operator/pkg/manifests/nginx.go:360.121,377.2 2 1
github.com/Azure/aks-app-routing-operator/pkg/manifests/nginx.go:379.123,401.2 1 1
